<?xml version="1.0" encoding="UTF-8"?>
<!-- Generated by org.testng.reporters.JUnitReportReporter -->
<testsuite skipped="0" hostname="NUSIVAKU-LAP" name="HudsonMaven.HudsonMaven.UnixTest" tests="1" failures="0" timestamp="10 Aug 2018 15:33:52 GMT" time="30.739" errors="0">
  <testcase name="cleanStoragecontainer" time="30.739" classname="HudsonMaven.HudsonMaven.UnixTest"/>
</testsuite> <!-- HudsonMaven.HudsonMaven.UnixTest -->
