<?xml version="1.0" encoding="UTF-8"?>
<!-- Generated by org.testng.reporters.JUnitReportReporter -->
<testsuite skipped="0" hostname="NUSIVAKU-LAP" name="HudsonMaven.HudsonMaven.NonPSMTopicIDCSProduceAndConsume" tests="4" failures="0" timestamp="21 Sep 2018 09:54:49 GMT" time="23.972" errors="0">
  <testcase name="testProduceJsonMessagesForNonPSMwithNoAccess" time="6.616" classname="HudsonMaven.HudsonMaven.NonPSMTopicIDCSProduceAndConsume"/>
  <testcase name="testProduceJsonMessageswithNoAccess" time="2.316" classname="HudsonMaven.HudsonMaven.NonPSMTopicIDCSProduceAndConsume"/>
  <testcase name="testProduceJsonMessagesOnNonPSMtopic" time="7.585" classname="HudsonMaven.HudsonMaven.NonPSMTopicIDCSProduceAndConsume"/>
  <testcase name="testProduceJsonMessagesOnPSMtopic" time="7.455" classname="HudsonMaven.HudsonMaven.NonPSMTopicIDCSProduceAndConsume"/>
</testsuite> <!-- HudsonMaven.HudsonMaven.NonPSMTopicIDCSProduceAndConsume -->
