<?xml version="1.0" encoding="UTF-8"?>
<!-- Generated by org.testng.reporters.JUnitReportReporter -->
<testsuite skipped="0" hostname="NUSIVAKU-LAP" name="kafka.test.AcocuntComputeTests" tests="1" failures="0" timestamp="09 Oct 2018 04:21:40 GMT" time="2.496" errors="0">
  <testcase name="createSiteandAccount" time="2.496" classname="kafka.test.AcocuntComputeTests"/>
</testsuite> <!-- kafka.test.AcocuntComputeTests -->
