<?xml version="1.0" encoding="UTF-8"?>
<!-- Generated by org.testng.reporters.JUnitReportReporter -->
<testsuite skipped="0" hostname="NUSIVAKU-LAP" name="kafka.test.IDCSDedicatedKafkaLCM" tests="1" failures="0" timestamp="06 Oct 2018 09:21:23 GMT" time="11.456" errors="0">
  <testcase name="testIDCSDedicatedKafkaLCM" time="11.456" classname="kafka.test.IDCSDedicatedKafkaLCM"/>
</testsuite> <!-- kafka.test.IDCSDedicatedKafkaLCM -->
