<?xml version="1.0" encoding="UTF-8"?>
<!-- Generated by org.testng.reporters.JUnitReportReporter -->
<testsuite skipped="0" hostname="NUSIVAKU-LAP" name="kafka.utils.UIKafkaUtils" tests="1" failures="0" timestamp="11 Oct 2018 07:38:35 GMT" time="2028.110" errors="0">
  <testcase name="test123" time="2028.110" classname="kafka.utils.UIKafkaUtils"/>
</testsuite> <!-- kafka.utils.UIKafkaUtils -->
