<?xml version="1.0" encoding="UTF-8"?>
<!-- Generated by org.testng.reporters.JUnitReportReporter -->
<testsuite skipped="0" hostname="NUSIVAKU-LAP" name="HudsonMaven.HudsonMaven.KafkaConnector" tests="1" failures="0" timestamp="03 Oct 2018 08:25:59 GMT" time="66.580" errors="0">
  <testcase name="OCICConnectors" time="66.580" classname="HudsonMaven.HudsonMaven.KafkaConnector"/>
</testsuite> <!-- HudsonMaven.HudsonMaven.KafkaConnector -->
