<?xml version="1.0" encoding="UTF-8"?>
<!-- Generated by org.testng.reporters.JUnitReportReporter -->
<testsuite skipped="0" hostname="NUSIVAKU-LAP" name="HudsonMaven.HudsonMaven.AppTest" tests="1" failures="0" timestamp="11 Sep 2018 12:29:03 GMT" time="1043.121" errors="0">
  <testcase name="deleteJobsFromView" time="1043.121" classname="HudsonMaven.HudsonMaven.AppTest"/>
</testsuite> <!-- HudsonMaven.HudsonMaven.AppTest -->
